2024-08-12 01:31:25,430:ERROR:
1 Failed download:
2024-08-12 01:31:25,430:ERROR:['BTCUSDT']: Exception('%ticker%: No timezone found, symbol may be delisted')
2024-08-12 01:31:25,430:ERROR:No data found for BTCUSDT at 2024-08-12 01:31:25.430664 using interval 4.
2024-08-12 01:31:25,430:ERROR:All 3 download attempts failed.
2024-08-12 01:32:00,137:ERROR:
1 Failed download:
2024-08-12 01:32:00,138:ERROR:['BTCUSDT']: Exception('%ticker%: No timezone found, symbol may be delisted')
2024-08-12 01:32:00,139:ERROR:No data found for BTCUSDT at 2024-08-12 01:32:00.138950 using interval 4.
2024-08-12 01:32:00,139:ERROR:All 3 download attempts failed.
2024-08-12 01:32:27,252:ERROR:
1 Failed download:
2024-08-12 01:32:27,252:ERROR:['BTCUSDT']: Exception('%ticker%: No timezone found, symbol may be delisted')
2024-08-12 01:32:27,252:ERROR:No data found for BTCUSDT at 2024-08-12 01:32:27.252609 using interval 4.
2024-08-12 01:32:27,252:ERROR:All 3 download attempts failed.
2024-08-12 01:33:42,369:ERROR:
1 Failed download:
2024-08-12 01:33:42,370:ERROR:['BTCUSDT']: Exception('%ticker%: No timezone found, symbol may be delisted')
2024-08-12 01:33:42,370:ERROR:No data found for BTCUSDT at 2024-08-12 01:33:42.370834 using interval 4H.
2024-08-12 01:33:42,371:ERROR:All 3 download attempts failed.
2024-08-12 01:34:14,050:ERROR:
1 Failed download:
2024-08-12 01:34:14,051:ERROR:['BTCUSDT']: Exception('%ticker%: No timezone found, symbol may be delisted')
2024-08-12 01:34:14,051:ERROR:No data found for BTCUSDT at 2024-08-12 01:34:14.051437 using interval 4h.
2024-08-12 01:34:14,051:ERROR:All 3 download attempts failed.
2024-08-12 01:34:46,266:ERROR:
1 Failed download:
2024-08-12 01:34:46,266:ERROR:['BTCUSDT']: Exception('%ticker%: No timezone found, symbol may be delisted')
2024-08-12 01:34:46,266:ERROR:No data found for BTCUSDT at 2024-08-12 01:34:46.266857 using interval 4.
2024-08-12 01:34:46,266:ERROR:All 3 download attempts failed.
2024-08-12 01:35:14,203:ERROR:
1 Failed download:
2024-08-12 01:35:14,204:ERROR:['BTCUSDT']: Exception('%ticker%: No timezone found, symbol may be delisted')
2024-08-12 01:35:14,204:ERROR:No data found for BTCUSDT at 2024-08-12 01:35:14.204121 using interval 1h.
2024-08-12 01:35:14,204:ERROR:All 3 download attempts failed.
2024-08-12 01:38:12,157:ERROR:
1 Failed download:
2024-08-12 01:38:12,157:ERROR:['BTC-USD']: Exception('%ticker%: Invalid input - interval=4h is not supported. Valid intervals: [1m, 2m, 5m, 15m, 30m, 60m, 90m, 1h, 1d, 5d, 1wk, 1mo, 3mo]')
2024-08-12 01:38:12,157:ERROR:No data found for BTC-USD at 2024-08-12 01:38:12.157777 using interval 4h.
2024-08-12 01:38:12,157:ERROR:All 3 download attempts failed.
2024-08-12 01:40:25,062:INFO:Data saved to CurrencyData/BTC-USD-2024-06-01-2024-08-12-1d.csv
